<?xml version="1.0" encoding="UTF-8"?>
<testsuite xmlns:xsi="http://www.w3.org/2001/XMLSchema-instance" xsi:noNamespaceSchemaLocation="https://maven.apache.org/surefire/maven-surefire-plugin/xsd/surefire-test-report.xsd" name="ca.redzed.demo.DemoApplicationTests" time="5.636" tests="4" errors="0" skipped="0" failures="0">
  <properties>
[...]
</properties>
  <testcase name="trueIsTrue" classname="ca.redzed.demo.DemoApplicationTests" time="0.34"/>
  <testcase name="adding" classname="ca.redzed.demo.DemoApplicationTests" time="0.015"/>
  <testcase name="falseIsFalse" classname="ca.redzed.demo.DemoApplicationTests" time="0"/>
  <testcase name="contextLoads" classname="ca.redzed.demo.DemoApplicationTests" time="0"/>
</testsuite>